<?xml version="1.0" encoding="UTF-8"?>
<persistence version="2.1"
			 xmlns="http://xmlns.jcp.org/xml/ns/persistence"
			 xmlns:xsi="http://www.w3.org/2001/XMLSchema-instance"
			 xsi:schemaLocation="http://xmlns.jcp.org/xml/ns/persistence http://xmlns.jcp.org/xml/ns/persistence/persistence_2_1.xsd">

	<persistence-unit name="ERP-PU" transaction-type="JTA">
		<provider>org.hibernate.jpa.HibernatePersistenceProvider</provider>
		<jta-data-source>java:/datasources/ERPTest</jta-data-source>

		<properties>
			<property name="hibernate.dialect" value="org.hibernate.dialect.H2Dialect" />
			<property name="hibernate.hbm2ddl.auto" value="create-drop" />

			<!-- Configuração de auditoria -->
			<property name="org.hibernate.envers.revision_field_name" value="revision_id" />
			<property name="org.hibernate.envers.revision_type_field_name" value="revision_type" />
			<property name="org.hibernate.envers.audit_table_suffix" value="_aud" />
			<property name="org.hibernate.envers.default_schema" value="erp_audit" />
		</properties>
	</persistence-unit>
</persistence>
